1554116728562	mozrunner::runner	INFO	Running command: "/Applications/Firefox.app/Contents/MacOS/firefox-bin" "-marionette" "-foreground" "-no-remote" "-profile" "/var/folders/0d/gxh5hvg56v77zp73x3l_wty80000gn/T/rust_mozprofile.sMaaqQjdVwDR"
1554116732548	addons.webextension.screenshots@mozilla.org	WARN	Loading extension 'screenshots@mozilla.org': Reading manifest: Invalid extension permission: mozillaAddons
1554116732549	addons.webextension.screenshots@mozilla.org	WARN	Loading extension 'screenshots@mozilla.org': Reading manifest: Invalid extension permission: resource://pdf.js/
1554116732549	addons.webextension.screenshots@mozilla.org	WARN	Loading extension 'screenshots@mozilla.org': Reading manifest: Invalid extension permission: about:reader*
1554116734088	Marionette	INFO	Listening on port 63425
1554116745654	mozrunner::runner	INFO	Running command: "/Applications/Firefox.app/Contents/MacOS/firefox-bin" "-marionette" "-foreground" "-no-remote" "-profile" "/var/folders/0d/gxh5hvg56v77zp73x3l_wty80000gn/T/rust_mozprofile.LfaxnbMSyFV7"
1554116746095	addons.webextension.screenshots@mozilla.org	WARN	Loading extension 'screenshots@mozilla.org': Reading manifest: Invalid extension permission: mozillaAddons
1554116746095	addons.webextension.screenshots@mozilla.org	WARN	Loading extension 'screenshots@mozilla.org': Reading manifest: Invalid extension permission: resource://pdf.js/
1554116746095	addons.webextension.screenshots@mozilla.org	WARN	Loading extension 'screenshots@mozilla.org': Reading manifest: Invalid extension permission: about:reader*
1554116747647	Marionette	INFO	Listening on port 63526
1554116747699	Marionette	WARN	TLS certificate errors will be ignored for this session
1554116893809	mozrunner::runner	INFO	Running command: "/Applications/Firefox.app/Contents/MacOS/firefox-bin" "-marionette" "-foreground" "-no-remote" "-profile" "/var/folders/0d/gxh5hvg56v77zp73x3l_wty80000gn/T/rust_mozprofile.tAQIIdGJ2xRT"
1554116894279	addons.webextension.screenshots@mozilla.org	WARN	Loading extension 'screenshots@mozilla.org': Reading manifest: Invalid extension permission: mozillaAddons
1554116894280	addons.webextension.screenshots@mozilla.org	WARN	Loading extension 'screenshots@mozilla.org': Reading manifest: Invalid extension permission: resource://pdf.js/
1554116894280	addons.webextension.screenshots@mozilla.org	WARN	Loading extension 'screenshots@mozilla.org': Reading manifest: Invalid extension permission: about:reader*
1554116895882	Marionette	INFO	Listening on port 64508
1554116895969	Marionette	WARN	TLS certificate errors will be ignored for this session
1554116960126	mozrunner::runner	INFO	Running command: "/Applications/Firefox.app/Contents/MacOS/firefox-bin" "-marionette" "-foreground" "-no-remote" "-profile" "/var/folders/0d/gxh5hvg56v77zp73x3l_wty80000gn/T/rust_mozprofile.K8KBeLcu7GVc"
1554116960587	addons.webextension.screenshots@mozilla.org	WARN	Loading extension 'screenshots@mozilla.org': Reading manifest: Invalid extension permission: mozillaAddons
1554116960587	addons.webextension.screenshots@mozilla.org	WARN	Loading extension 'screenshots@mozilla.org': Reading manifest: Invalid extension permission: resource://pdf.js/
1554116960588	addons.webextension.screenshots@mozilla.org	WARN	Loading extension 'screenshots@mozilla.org': Reading manifest: Invalid extension permission: about:reader*
1554116962323	Marionette	INFO	Listening on port 65071
1554116962414	Marionette	WARN	TLS certificate errors will be ignored for this session
console.error: BroadcastService: 
  receivedBroadcastMessage: handler for
  remote-settings/monitor_changes
  threw error:
  Message: Error: Polling for changes failed: NetworkError when attempting to fetch resource..
  Stack:
    remoteSettingsFunction/remoteSettings.pollChanges@resource://services-settings/remote-settings.js:190:13

console.error: BroadcastService: 
  receivedBroadcastMessage: handler for
  remote-settings/monitor_changes
  threw error:
  Message: Error: Polling for changes failed: NetworkError when attempting to fetch resource..
  Stack:
    remoteSettingsFunction/remoteSettings.pollChanges@resource://services-settings/remote-settings.js:190:13

console.error: BroadcastService: 
  receivedBroadcastMessage: handler for
  remote-settings/monitor_changes
  threw error:
  Message: Error: Polling for changes failed: NetworkError when attempting to fetch resource..
  Stack:
    remoteSettingsFunction/remoteSettings.pollChanges@resource://services-settings/remote-settings.js:190:13

[GFX1-]: Receive IPC close with reason=AbnormalShutdown
Exiting due to channel error.
[GFX1-]: Receive IPC close with reason=AbnormalShutdown
Exiting due to channel error.
[GFX1-]: Receive IPC close with reason=AbnormalShutdown
Exiting due to channel error.
1554117012829	mozrunner::runner	INFO	Running command: "/Applications/Firefox.app/Contents/MacOS/firefox-bin" "-marionette" "-foreground" "-no-remote" "-profile" "/var/folders/0d/gxh5hvg56v77zp73x3l_wty80000gn/T/rust_mozprofile.P0sQ2UEZxZMb"
1554117013312	addons.webextension.screenshots@mozilla.org	WARN	Loading extension 'screenshots@mozilla.org': Reading manifest: Invalid extension permission: mozillaAddons
1554117013312	addons.webextension.screenshots@mozilla.org	WARN	Loading extension 'screenshots@mozilla.org': Reading manifest: Invalid extension permission: resource://pdf.js/
1554117013312	addons.webextension.screenshots@mozilla.org	WARN	Loading extension 'screenshots@mozilla.org': Reading manifest: Invalid extension permission: about:reader*
1554117014816	Marionette	INFO	Listening on port 65530
1554117014880	Marionette	WARN	TLS certificate errors will be ignored for this session
1554117075337	mozrunner::runner	INFO	Running command: "/Applications/Firefox.app/Contents/MacOS/firefox-bin" "-marionette" "-foreground" "-no-remote" "-profile" "/var/folders/0d/gxh5hvg56v77zp73x3l_wty80000gn/T/rust_mozprofile.Z3rgyDhIzRFx"
1554117075830	addons.webextension.screenshots@mozilla.org	WARN	Loading extension 'screenshots@mozilla.org': Reading manifest: Invalid extension permission: mozillaAddons
1554117075830	addons.webextension.screenshots@mozilla.org	WARN	Loading extension 'screenshots@mozilla.org': Reading manifest: Invalid extension permission: resource://pdf.js/
1554117075830	addons.webextension.screenshots@mozilla.org	WARN	Loading extension 'screenshots@mozilla.org': Reading manifest: Invalid extension permission: about:reader*
1554117077626	Marionette	INFO	Listening on port 49707
1554117077687	Marionette	WARN	TLS certificate errors will be ignored for this session
console.error: BroadcastService: 
  receivedBroadcastMessage: handler for
  remote-settings/monitor_changes
  threw error:
  Message: Error: Polling for changes failed: NetworkError when attempting to fetch resource..
  Stack:
    remoteSettingsFunction/remoteSettings.pollChanges@resource://services-settings/remote-settings.js:190:13

1554117115829	mozrunner::runner	INFO	Running command: "/Applications/Firefox.app/Contents/MacOS/firefox-bin" "-marionette" "-foreground" "-no-remote" "-profile" "/var/folders/0d/gxh5hvg56v77zp73x3l_wty80000gn/T/rust_mozprofile.jlbmiVWCQPoR"
1554117116341	addons.webextension.screenshots@mozilla.org	WARN	Loading extension 'screenshots@mozilla.org': Reading manifest: Invalid extension permission: mozillaAddons
1554117116342	addons.webextension.screenshots@mozilla.org	WARN	Loading extension 'screenshots@mozilla.org': Reading manifest: Invalid extension permission: resource://pdf.js/
1554117116342	addons.webextension.screenshots@mozilla.org	WARN	Loading extension 'screenshots@mozilla.org': Reading manifest: Invalid extension permission: about:reader*
1554117118120	Marionette	INFO	Listening on port 50121
1554117118197	Marionette	WARN	TLS certificate errors will be ignored for this session
console.error: BroadcastService: 
  receivedBroadcastMessage: handler for
  remote-settings/monitor_changes
  threw error:
  Message: Error: Polling for changes failed: NetworkError when attempting to fetch resource..
  Stack:
    remoteSettingsFunction/remoteSettings.pollChanges@resource://services-settings/remote-settings.js:190:13

console.error: BroadcastService: 
  receivedBroadcastMessage: handler for
  remote-settings/monitor_changes
  threw error:
  Message: Error: Polling for changes failed: NetworkError when attempting to fetch resource..
  Stack:
    remoteSettingsFunction/remoteSettings.pollChanges@resource://services-settings/remote-settings.js:190:13

console.error: BroadcastService: 
  receivedBroadcastMessage: handler for
  remote-settings/monitor_changes
  threw error:
  Message: Error: Polling for changes failed: NetworkError when attempting to fetch resource..
  Stack:
    remoteSettingsFunction/remoteSettings.pollChanges@resource://services-settings/remote-settings.js:190:13

1554117159847	mozrunner::runner	INFO	Running command: "/Applications/Firefox.app/Contents/MacOS/firefox-bin" "-marionette" "-foreground" "-no-remote" "-profile" "/var/folders/0d/gxh5hvg56v77zp73x3l_wty80000gn/T/rust_mozprofile.X4aUvklXmYvl"
1554117160399	addons.webextension.screenshots@mozilla.org	WARN	Loading extension 'screenshots@mozilla.org': Reading manifest: Invalid extension permission: mozillaAddons
1554117160399	addons.webextension.screenshots@mozilla.org	WARN	Loading extension 'screenshots@mozilla.org': Reading manifest: Invalid extension permission: resource://pdf.js/
1554117160399	addons.webextension.screenshots@mozilla.org	WARN	Loading extension 'screenshots@mozilla.org': Reading manifest: Invalid extension permission: about:reader*
1554117162151	Marionette	INFO	Listening on port 50541
1554117162216	Marionette	WARN	TLS certificate errors will be ignored for this session
1554117186042	mozrunner::runner	INFO	Running command: "/Applications/Firefox.app/Contents/MacOS/firefox-bin" "-marionette" "-foreground" "-no-remote" "-profile" "/var/folders/0d/gxh5hvg56v77zp73x3l_wty80000gn/T/rust_mozprofile.qtCQes50DY2y"
1554117186592	addons.webextension.screenshots@mozilla.org	WARN	Loading extension 'screenshots@mozilla.org': Reading manifest: Invalid extension permission: mozillaAddons
1554117186592	addons.webextension.screenshots@mozilla.org	WARN	Loading extension 'screenshots@mozilla.org': Reading manifest: Invalid extension permission: resource://pdf.js/
1554117186592	addons.webextension.screenshots@mozilla.org	WARN	Loading extension 'screenshots@mozilla.org': Reading manifest: Invalid extension permission: about:reader*
1554117188370	Marionette	INFO	Listening on port 50864
1554117188415	Marionette	WARN	TLS certificate errors will be ignored for this session
1554117221858	mozrunner::runner	INFO	Running command: "/Applications/Firefox.app/Contents/MacOS/firefox-bin" "-marionette" "-foreground" "-no-remote" "-profile" "/var/folders/0d/gxh5hvg56v77zp73x3l_wty80000gn/T/rust_mozprofile.vmolCdZuzkA6"
1554117222425	addons.webextension.screenshots@mozilla.org	WARN	Loading extension 'screenshots@mozilla.org': Reading manifest: Invalid extension permission: mozillaAddons
1554117222425	addons.webextension.screenshots@mozilla.org	WARN	Loading extension 'screenshots@mozilla.org': Reading manifest: Invalid extension permission: resource://pdf.js/
1554117222425	addons.webextension.screenshots@mozilla.org	WARN	Loading extension 'screenshots@mozilla.org': Reading manifest: Invalid extension permission: about:reader*
1554117224294	Marionette	INFO	Listening on port 51270
1554117224333	Marionette	WARN	TLS certificate errors will be ignored for this session
1554117247310	mozrunner::runner	INFO	Running command: "/Applications/Firefox.app/Contents/MacOS/firefox-bin" "-marionette" "-foreground" "-no-remote" "-profile" "/var/folders/0d/gxh5hvg56v77zp73x3l_wty80000gn/T/rust_mozprofile.OGUyYpQbc1q3"
1554117247887	addons.webextension.screenshots@mozilla.org	WARN	Loading extension 'screenshots@mozilla.org': Reading manifest: Invalid extension permission: mozillaAddons
1554117247888	addons.webextension.screenshots@mozilla.org	WARN	Loading extension 'screenshots@mozilla.org': Reading manifest: Invalid extension permission: resource://pdf.js/
1554117247888	addons.webextension.screenshots@mozilla.org	WARN	Loading extension 'screenshots@mozilla.org': Reading manifest: Invalid extension permission: about:reader*
1554117249841	Marionette	INFO	Listening on port 51629
1554117249889	Marionette	WARN	TLS certificate errors will be ignored for this session
1554117273148	mozrunner::runner	INFO	Running command: "/Applications/Firefox.app/Contents/MacOS/firefox-bin" "-marionette" "-foreground" "-no-remote" "-profile" "/var/folders/0d/gxh5hvg56v77zp73x3l_wty80000gn/T/rust_mozprofile.H5lLD30Kkgdb"
1554117273851	addons.webextension.screenshots@mozilla.org	WARN	Loading extension 'screenshots@mozilla.org': Reading manifest: Invalid extension permission: mozillaAddons
1554117273852	addons.webextension.screenshots@mozilla.org	WARN	Loading extension 'screenshots@mozilla.org': Reading manifest: Invalid extension permission: resource://pdf.js/
1554117273852	addons.webextension.screenshots@mozilla.org	WARN	Loading extension 'screenshots@mozilla.org': Reading manifest: Invalid extension permission: about:reader*
1554117275890	Marionette	INFO	Listening on port 52002
1554117275927	Marionette	WARN	TLS certificate errors will be ignored for this session
console.error: BroadcastService: 
  receivedBroadcastMessage: handler for
  remote-settings/monitor_changes
  threw error:
  Message: Error: Polling for changes failed: NetworkError when attempting to fetch resource..
  Stack:
    remoteSettingsFunction/remoteSettings.pollChanges@resource://services-settings/remote-settings.js:190:13

console.error: BroadcastService: 
  receivedBroadcastMessage: handler for
  remote-settings/monitor_changes
  threw error:
  Message: Error: Polling for changes failed: NetworkError when attempting to fetch resource..
  Stack:
    remoteSettingsFunction/remoteSettings.pollChanges@resource://services-settings/remote-settings.js:190:13

console.error: BroadcastService: 
  receivedBroadcastMessage: handler for
  remote-settings/monitor_changes
  threw error:
  Message: Error: Polling for changes failed: NetworkError when attempting to fetch resource..
  Stack:
    remoteSettingsFunction/remoteSettings.pollChanges@resource://services-settings/remote-settings.js:190:13

console.error: BroadcastService: 
  receivedBroadcastMessage: handler for
  remote-settings/monitor_changes
  threw error:
  Message: Error: Polling for changes failed: NetworkError when attempting to fetch resource..
  Stack:
    remoteSettingsFunction/remoteSettings.pollChanges@resource://services-settings/remote-settings.js:190:13

console.error: BroadcastService: 
  receivedBroadcastMessage: handler for
  remote-settings/monitor_changes
  threw error:
  Message: Error: Polling for changes failed: NetworkError when attempting to fetch resource..
  Stack:
    remoteSettingsFunction/remoteSettings.pollChanges@resource://services-settings/remote-settings.js:190:13

1554117614992	mozrunner::runner	INFO	Running command: "/Applications/Firefox.app/Contents/MacOS/firefox-bin" "-marionette" "-foreground" "-no-remote" "-profile" "/var/folders/0d/gxh5hvg56v77zp73x3l_wty80000gn/T/rust_mozprofile.zWQcgQr9AKfJ"
1554117615642	addons.webextension.screenshots@mozilla.org	WARN	Loading extension 'screenshots@mozilla.org': Reading manifest: Invalid extension permission: mozillaAddons
1554117615642	addons.webextension.screenshots@mozilla.org	WARN	Loading extension 'screenshots@mozilla.org': Reading manifest: Invalid extension permission: resource://pdf.js/
1554117615642	addons.webextension.screenshots@mozilla.org	WARN	Loading extension 'screenshots@mozilla.org': Reading manifest: Invalid extension permission: about:reader*
1554117617544	Marionette	INFO	Listening on port 53724
1554117617574	Marionette	WARN	TLS certificate errors will be ignored for this session
1554117639107	mozrunner::runner	INFO	Running command: "/Applications/Firefox.app/Contents/MacOS/firefox-bin" "-marionette" "-foreground" "-no-remote" "-profile" "/var/folders/0d/gxh5hvg56v77zp73x3l_wty80000gn/T/rust_mozprofile.fXZnXC6NKEiN"
1554117639681	addons.webextension.screenshots@mozilla.org	WARN	Loading extension 'screenshots@mozilla.org': Reading manifest: Invalid extension permission: mozillaAddons
1554117639682	addons.webextension.screenshots@mozilla.org	WARN	Loading extension 'screenshots@mozilla.org': Reading manifest: Invalid extension permission: resource://pdf.js/
1554117639682	addons.webextension.screenshots@mozilla.org	WARN	Loading extension 'screenshots@mozilla.org': Reading manifest: Invalid extension permission: about:reader*
1554117641542	Marionette	INFO	Listening on port 53876
1554117641584	Marionette	WARN	TLS certificate errors will be ignored for this session
1554117678072	mozrunner::runner	INFO	Running command: "/Applications/Firefox.app/Contents/MacOS/firefox-bin" "-marionette" "-foreground" "-no-remote" "-profile" "/var/folders/0d/gxh5hvg56v77zp73x3l_wty80000gn/T/rust_mozprofile.uCmvLeVLyqsE"
1554117678655	addons.webextension.screenshots@mozilla.org	WARN	Loading extension 'screenshots@mozilla.org': Reading manifest: Invalid extension permission: mozillaAddons
1554117678656	addons.webextension.screenshots@mozilla.org	WARN	Loading extension 'screenshots@mozilla.org': Reading manifest: Invalid extension permission: resource://pdf.js/
1554117678656	addons.webextension.screenshots@mozilla.org	WARN	Loading extension 'screenshots@mozilla.org': Reading manifest: Invalid extension permission: about:reader*
1554117680492	Marionette	INFO	Listening on port 54096
1554117680546	Marionette	WARN	TLS certificate errors will be ignored for this session
console.error: BroadcastService: 
  receivedBroadcastMessage: handler for
  remote-settings/monitor_changes
  threw error:
  Message: Error: Polling for changes failed: NetworkError when attempting to fetch resource..
  Stack:
    remoteSettingsFunction/remoteSettings.pollChanges@resource://services-settings/remote-settings.js:190:13

console.error: BroadcastService: 
  receivedBroadcastMessage: handler for
  remote-settings/monitor_changes
  threw error:
  Message: Error: Polling for changes failed: NetworkError when attempting to fetch resource..
  Stack:
    remoteSettingsFunction/remoteSettings.pollChanges@resource://services-settings/remote-settings.js:190:13

console.error: BroadcastService: 
  receivedBroadcastMessage: handler for
  remote-settings/monitor_changes
  threw error:
  Message: Error: Polling for changes failed: NetworkError when attempting to fetch resource..
  Stack:
    remoteSettingsFunction/remoteSettings.pollChanges@resource://services-settings/remote-settings.js:190:13

1554126723624	mozrunner::runner	INFO	Running command: "/Applications/Firefox.app/Contents/MacOS/firefox-bin" "-marionette" "-foreground" "-no-remote" "-profile" "/var/folders/0d/gxh5hvg56v77zp73x3l_wty80000gn/T/rust_mozprofile.HnGnRFrLf8Nm"
1554126724904	addons.webextension.screenshots@mozilla.org	WARN	Loading extension 'screenshots@mozilla.org': Reading manifest: Invalid extension permission: mozillaAddons
1554126724905	addons.webextension.screenshots@mozilla.org	WARN	Loading extension 'screenshots@mozilla.org': Reading manifest: Invalid extension permission: resource://pdf.js/
1554126724905	addons.webextension.screenshots@mozilla.org	WARN	Loading extension 'screenshots@mozilla.org': Reading manifest: Invalid extension permission: about:reader*
1554126727079	Marionette	INFO	Listening on port 62364
1554126727135	Marionette	WARN	TLS certificate errors will be ignored for this session
console.error: BroadcastService: 
  receivedBroadcastMessage: handler for
  remote-settings/monitor_changes
  threw error:
  Message: Error: Polling for changes failed: NetworkError when attempting to fetch resource..
  Stack:
    remoteSettingsFunction/remoteSettings.pollChanges@resource://services-settings/remote-settings.js:190:13


###!!! [Child][RunMessage] Error: Channel closing: too late to send/recv, messages will be lost

1554132678733	Marionette	INFO	Stopped listening on port 63425
1554132686391	Marionette	INFO	Stopped listening on port 50864
1554132690944	Marionette	INFO	Stopped listening on port 50541
[Child 1548, Chrome_ChildThread] WARNING: pipe error: Broken pipe: file /builds/worker/workspace/build/src/ipc/chromium/src/chrome/common/ipc_channel_posix.cc, line 726
1554132696713	Marionette	INFO	Stopped listening on port 51270
1554132698706	Marionette	INFO	Stopped listening on port 50121
1554132701143	Marionette	INFO	Stopped listening on port 49707
1554132703763	Marionette	INFO	Stopped listening on port 65530
1554132705394	Marionette	INFO	Stopped listening on port 51629
1554132707012	Marionette	INFO	Stopped listening on port 64508
1554132708769	Marionette	INFO	Stopped listening on port 63526
1554132711024	Marionette	INFO	Stopped listening on port 62364
1554132712561	Marionette	INFO	Stopped listening on port 54096
1554132714407	Marionette	INFO	Stopped listening on port 53876
1554132715795	Marionette	INFO	Stopped listening on port 53724
1554132717166	Marionette	INFO	Stopped listening on port 52002
1554147280241	mozrunner::runner	INFO	Running command: "/Applications/Firefox.app/Contents/MacOS/firefox-bin" "-marionette" "-foreground" "-no-remote" "-profile" "/var/folders/0d/gxh5hvg56v77zp73x3l_wty80000gn/T/rust_mozprofile.px9bIRcDA3OY"
1554147281076	addons.webextension.screenshots@mozilla.org	WARN	Loading extension 'screenshots@mozilla.org': Reading manifest: Invalid extension permission: mozillaAddons
1554147281076	addons.webextension.screenshots@mozilla.org	WARN	Loading extension 'screenshots@mozilla.org': Reading manifest: Invalid extension permission: resource://pdf.js/
1554147281076	addons.webextension.screenshots@mozilla.org	WARN	Loading extension 'screenshots@mozilla.org': Reading manifest: Invalid extension permission: about:reader*
1554147282631	Marionette	INFO	Listening on port 62894
1554147282653	Marionette	WARN	TLS certificate errors will be ignored for this session
Unable to read VR Path Registry from /Users/mikhail/Library/Application Support/OpenVR/.openvr/openvrpaths.vrpath
JavaScript error: https://sharethrough.adnxs.com/getuidp?callback=STRAppNexusCallback, line 1: ReferenceError: STRAppNexusCallback is not defined
JavaScript error: https://gum.criteo.com/sync?r=2&c=158&j=STRCriteoCallback&callback=STRCriteoCallback, line 1: ReferenceError: STRCriteoCallback is not defined

###!!! [Child][MessageChannel] Error: (msgtype=0x520011,name=PHttpChannel::Msg___delete__) Channel closing: too late to send/recv, messages will be lost


###!!! [Child][MessageChannel] Error: (msgtype=0x5F0029,name=PNecko::Msg_RemoveRequestContext) Channel closing: too late to send/recv, messages will be lost


###!!! [Child][RunMessage] Error: Channel closing: too late to send/recv, messages will be lost


###!!! [Child][RunMessage] Error: Channel closing: too late to send/recv, messages will be lost


###!!! [Child][RunMessage] Error: Channel closing: too late to send/recv, messages will be lost


###!!! [Child][RunMessage] Error: Channel closing: too late to send/recv, messages will be lost

1554147469225	mozrunner::runner	INFO	Running command: "/Applications/Firefox.app/Contents/MacOS/firefox-bin" "-marionette" "-foreground" "-no-remote" "-profile" "/var/folders/0d/gxh5hvg56v77zp73x3l_wty80000gn/T/rust_mozprofile.oCiijfy9i3Ml"
1554147469825	addons.webextension.screenshots@mozilla.org	WARN	Loading extension 'screenshots@mozilla.org': Reading manifest: Invalid extension permission: mozillaAddons
1554147469825	addons.webextension.screenshots@mozilla.org	WARN	Loading extension 'screenshots@mozilla.org': Reading manifest: Invalid extension permission: resource://pdf.js/
1554147469825	addons.webextension.screenshots@mozilla.org	WARN	Loading extension 'screenshots@mozilla.org': Reading manifest: Invalid extension permission: about:reader*
1554147471515	Marionette	INFO	Listening on port 64371
1554147471605	Marionette	WARN	TLS certificate errors will be ignored for this session
Unable to read VR Path Registry from /Users/mikhail/Library/Application Support/OpenVR/.openvr/openvrpaths.vrpath
[Child 5250, MediaPlayback #1] WARNING: Decoder=135e59c00 state=DECODING_METADATA Decode metadata failed, shutting down decoder: file /builds/worker/workspace/build/src/dom/media/MediaDecoderStateMachine.cpp, line 350
[Child 5250, MediaPlayback #4] WARNING: Decoder=12b235c00 state=DECODING_METADATA Decode metadata failed, shutting down decoder: file /builds/worker/workspace/build/src/dom/media/MediaDecoderStateMachine.cpp, line 350
[Child 5250, MediaPlayback #3] WARNING: Decoder=135e5bc00 state=DECODING_METADATA Decode metadata failed, shutting down decoder: file /builds/worker/workspace/build/src/dom/media/MediaDecoderStateMachine.cpp, line 350
[Child 5250, MediaPlayback #2] WARNING: Decoder=135e5c400 state=DECODING_METADATA Decode metadata failed, shutting down decoder: file /builds/worker/workspace/build/src/dom/media/MediaDecoderStateMachine.cpp, line 350
[Child 5250, MediaPlayback #4] WARNING: Decoder=12b235c00 Decode error: NS_ERROR_DOM_MEDIA_METADATA_ERR (0x806e0006) - static MP4Metadata::ResultAndByteBuffer mozilla::MP4Metadata::Metadata(mozilla::ByteStream *): Cannot parse metadata: file /builds/worker/workspace/build/src/dom/media/MediaDecoderStateMachine.cpp, line 3331
[Child 5250, MediaPlayback #2] WARNING: Decoder=135e5c400 Decode error: NS_ERROR_DOM_MEDIA_METADATA_ERR (0x806e0006) - static MP4Metadata::ResultAndByteBuffer mozilla::MP4Metadata::Metadata(mozilla::ByteStream *): Cannot parse metadata: file /builds/worker/workspace/build/src/dom/media/MediaDecoderStateMachine.cpp, line 3331
[Child 5250, MediaPlayback #3] WARNING: Decoder=135e5bc00 Decode error: NS_ERROR_DOM_MEDIA_METADATA_ERR (0x806e0006) - static MP4Metadata::ResultAndByteBuffer mozilla::MP4Metadata::Metadata(mozilla::ByteStream *): Cannot parse metadata: file /builds/worker/workspace/build/src/dom/media/MediaDecoderStateMachine.cpp, line 3331
[Child 5250, MediaPlayback #2] WARNING: Decoder=135e5c000 state=DECODING_METADATA Decode metadata failed, shutting down decoder: file /builds/worker/workspace/build/src/dom/media/MediaDecoderStateMachine.cpp, line 350
[Child 5250, MediaPlayback #1] WARNING: Decoder=135e59c00 Decode error: NS_ERROR_DOM_MEDIA_METADATA_ERR (0x806e0006) - static MP4Metadata::ResultAndByteBuffer mozilla::MP4Metadata::Metadata(mozilla::ByteStream *): Cannot parse metadata: file /builds/worker/workspace/build/src/dom/media/MediaDecoderStateMachine.cpp, line 3331
[Child 5250, MediaPlayback #2] WARNING: Decoder=135e5c000 Decode error: NS_ERROR_DOM_MEDIA_METADATA_ERR (0x806e0006) - static MP4Metadata::ResultAndByteBuffer mozilla::MP4Metadata::Metadata(mozilla::ByteStream *): Cannot parse metadata: file /builds/worker/workspace/build/src/dom/media/MediaDecoderStateMachine.cpp, line 3331
[Child 5250, MediaPlayback #4] WARNING: Decoder=133f07c00 state=DECODING_METADATA Decode metadata failed, shutting down decoder: file /builds/worker/workspace/build/src/dom/media/MediaDecoderStateMachine.cpp, line 350
[Child 5250, MediaPlayback #3] WARNING: Decoder=135e5dc00 state=DECODING_METADATA Decode metadata failed, shutting down decoder: file /builds/worker/workspace/build/src/dom/media/MediaDecoderStateMachine.cpp, line 350
[Child 5250, MediaPlayback #3] WARNING: Decoder=135e5dc00 Decode error: NS_ERROR_DOM_MEDIA_METADATA_ERR (0x806e0006) - static MP4Metadata::ResultAndByteBuffer mozilla::MP4Metadata::Metadata(mozilla::ByteStream *): Cannot parse metadata: file /builds/worker/workspace/build/src/dom/media/MediaDecoderStateMachine.cpp, line 3331
[Child 5250, MediaPlayback #4] WARNING: Decoder=133f07c00 Decode error: NS_ERROR_DOM_MEDIA_METADATA_ERR (0x806e0006) - static MP4Metadata::ResultAndByteBuffer mozilla::MP4Metadata::Metadata(mozilla::ByteStream *): Cannot parse metadata: file /builds/worker/workspace/build/src/dom/media/MediaDecoderStateMachine.cpp, line 3331
[Child 5250, MediaPlayback #1] WARNING: Decoder=135e5fc00 state=DECODING_METADATA Decode metadata failed, shutting down decoder: file /builds/worker/workspace/build/src/dom/media/MediaDecoderStateMachine.cpp, line 350
[Child 5250, MediaPlayback #2] WARNING: Decoder=135e5e400 state=DECODING_METADATA Decode metadata failed, shutting down decoder: file /builds/worker/workspace/build/src/dom/media/MediaDecoderStateMachine.cpp, line 350
[Child 5250, MediaPlayback #1] WARNING: Decoder=135e5fc00 Decode error: NS_ERROR_DOM_MEDIA_METADATA_ERR (0x806e0006) - static MP4Metadata::ResultAndByteBuffer mozilla::MP4Metadata::Metadata(mozilla::ByteStream *): Cannot parse metadata: file /builds/worker/workspace/build/src/dom/media/MediaDecoderStateMachine.cpp, line 3331
[Child 5250, MediaPlayback #2] WARNING: Decoder=135e5e400 Decode error: NS_ERROR_DOM_MEDIA_METADATA_ERR (0x806e0006) - static MP4Metadata::ResultAndByteBuffer mozilla::MP4Metadata::Metadata(mozilla::ByteStream *): Cannot parse metadata: file /builds/worker/workspace/build/src/dom/media/MediaDecoderStateMachine.cpp, line 3331
[Child 5250, MediaPlayback #1] WARNING: Decoder=135e64000 state=DECODING_METADATA Decode metadata failed, shutting down decoder: file /builds/worker/workspace/build/src/dom/media/MediaDecoderStateMachine.cpp, line 350
[Child 5250, MediaPlayback #2] WARNING: Decoder=1363e2000 state=DECODING_METADATA Decode metadata failed, shutting down decoder: file /builds/worker/workspace/build/src/dom/media/MediaDecoderStateMachine.cpp, line 350
[Child 5250, MediaPlayback #3] WARNING: Decoder=135e61800 state=DECODING_METADATA Decode metadata failed, shutting down decoder: file /builds/worker/workspace/build/src/dom/media/MediaDecoderStateMachine.cpp, line 350
[Child 5250, MediaPlayback #1] WARNING: Decoder=135e64000 Decode error: NS_ERROR_DOM_MEDIA_METADATA_ERR (0x806e0006) - static MP4Metadata::ResultAndByteBuffer mozilla::MP4Metadata::Metadata(mozilla::ByteStream *): Cannot parse metadata: file /builds/worker/workspace/build/src/dom/media/MediaDecoderStateMachine.cpp, line 3331
[Child 5250, MediaPlayback #4] WARNING: Decoder=135e63000 state=DECODING_METADATA Decode metadata failed, shutting down decoder: file /builds/worker/workspace/build/src/dom/media/MediaDecoderStateMachine.cpp, line 350
[Child 5250, MediaPlayback #3] WARNING: Decoder=135e61800 Decode error: NS_ERROR_DOM_MEDIA_METADATA_ERR (0x806e0006) - static MP4Metadata::ResultAndByteBuffer mozilla::MP4Metadata::Metadata(mozilla::ByteStream *): Cannot parse metadata: file /builds/worker/workspace/build/src/dom/media/MediaDecoderStateMachine.cpp, line 3331
[Child 5250, MediaPlayback #1] WARNING: Decoder=1363e1400 state=DECODING_METADATA Decode metadata failed, shutting down decoder: file /builds/worker/workspace/build/src/dom/media/MediaDecoderStateMachine.cpp, line 350
[Child 5250, MediaPlayback #4] WARNING: Decoder=135e63000 Decode error: NS_ERROR_DOM_MEDIA_METADATA_ERR (0x806e0006) - static MP4Metadata::ResultAndByteBuffer mozilla::MP4Metadata::Metadata(mozilla::ByteStream *): Cannot parse metadata: file /builds/worker/workspace/build/src/dom/media/MediaDecoderStateMachine.cpp, line 3331
[Child 5250, MediaPlayback #3] WARNING: Decoder=1363e2800 state=DECODING_METADATA Decode metadata failed, shutting down decoder: file /builds/worker/workspace/build/src/dom/media/MediaDecoderStateMachine.cpp, line 350
[Child 5250, MediaPlayback #1] WARNING: Decoder=1363e1400 Decode error: NS_ERROR_DOM_MEDIA_METADATA_ERR (0x806e0006) - static MP4Metadata::ResultAndByteBuffer mozilla::MP4Metadata::Metadata(mozilla::ByteStream *): Cannot parse metadata: file /builds/worker/workspace/build/src/dom/media/MediaDecoderStateMachine.cpp, line 3331
[Child 5250, MediaPlayback #4] WARNING: Decoder=1363e1c00 state=DECODING_METADATA Decode metadata failed, shutting down decoder: file /builds/worker/workspace/build/src/dom/media/MediaDecoderStateMachine.cpp, line 350
[Child 5250, MediaPlayback #3] WARNING: Decoder=1363e2800 Decode error: NS_ERROR_DOM_MEDIA_METADATA_ERR (0x806e0006) - static MP4Metadata::ResultAndByteBuffer mozilla::MP4Metadata::Metadata(mozilla::ByteStream *): Cannot parse metadata: file /builds/worker/workspace/build/src/dom/media/MediaDecoderStateMachine.cpp, line 3331
[Child 5250, MediaPlayback #4] WARNING: Decoder=1363e1c00 Decode error: NS_ERROR_DOM_MEDIA_METADATA_ERR (0x806e0006) - static MP4Metadata::ResultAndByteBuffer mozilla::MP4Metadata::Metadata(mozilla::ByteStream *): Cannot parse metadata: file /builds/worker/workspace/build/src/dom/media/MediaDecoderStateMachine.cpp, line 3331
[Child 5250, MediaPlayback #1] WARNING: Decoder=1363e3400 state=DECODING_METADATA Decode metadata failed, shutting down decoder: file /builds/worker/workspace/build/src/dom/media/MediaDecoderStateMachine.cpp, line 350
[Child 5250, MediaPlayback #4] WARNING: Decoder=1363e7c00 state=DECODING_METADATA Decode metadata failed, shutting down decoder: file /builds/worker/workspace/build/src/dom/media/MediaDecoderStateMachine.cpp, line 350
[Child 5250, MediaPlayback #1] WARNING: Decoder=1363e3400 Decode error: NS_ERROR_DOM_MEDIA_METADATA_ERR (0x806e0006) - static MP4Metadata::ResultAndByteBuffer mozilla::MP4Metadata::Metadata(mozilla::ByteStream *): Cannot parse metadata: file /builds/worker/workspace/build/src/dom/media/MediaDecoderStateMachine.cpp, line 3331
[Child 5250, MediaPlayback #3] WARNING: Decoder=1363eb400 state=DECODING_METADATA Decode metadata failed, shutting down decoder: file /builds/worker/workspace/build/src/dom/media/MediaDecoderStateMachine.cpp, line 350
[Child 5250, MediaPlayback #1] WARNING: Decoder=1363eb000 state=DECODING_METADATA Decode metadata failed, shutting down decoder: file /builds/worker/workspace/build/src/dom/media/MediaDecoderStateMachine.cpp, line 350
[Child 5250, MediaPlayback #4] WARNING: Decoder=1363e7c00 Decode error: NS_ERROR_DOM_MEDIA_METADATA_ERR (0x806e0006) - static MP4Metadata::ResultAndByteBuffer mozilla::MP4Metadata::Metadata(mozilla::ByteStream *): Cannot parse metadata: file /builds/worker/workspace/build/src/dom/media/MediaDecoderStateMachine.cpp, line 3331
[Child 5250, MediaPlayback #2] WARNING: Decoder=1363e2000 Decode error: NS_ERROR_DOM_MEDIA_METADATA_ERR (0x806e0006) - static MP4Metadata::ResultAndByteBuffer mozilla::MP4Metadata::Metadata(mozilla::ByteStream *): Cannot parse metadata: file /builds/worker/workspace/build/src/dom/media/MediaDecoderStateMachine.cpp, line 3331
[Child 5250, MediaPlayback #4] WARNING: Decoder=1363eb800 state=DECODING_METADATA Decode metadata failed, shutting down decoder: file /builds/worker/workspace/build/src/dom/media/MediaDecoderStateMachine.cpp, line 350
[Child 5250, MediaPlayback #3] WARNING: Decoder=1363eb400 Decode error: NS_ERROR_DOM_MEDIA_METADATA_ERR (0x806e0006) - static MP4Metadata::ResultAndByteBuffer mozilla::MP4Metadata::Metadata(mozilla::ByteStream *): Cannot parse metadata: file /builds/worker/workspace/build/src/dom/media/MediaDecoderStateMachine.cpp, line 3331
[Child 5250, MediaPlayback #4] WARNING: Decoder=1363eb800 Decode error: NS_ERROR_DOM_MEDIA_METADATA_ERR (0x806e0006) - static MP4Metadata::ResultAndByteBuffer mozilla::MP4Metadata::Metadata(mozilla::ByteStream *): Cannot parse metadata: file /builds/worker/workspace/build/src/dom/media/MediaDecoderStateMachine.cpp, line 3331
[Child 5250, MediaPlayback #2] WARNING: Decoder=1363ecc00 state=DECODING_METADATA Decode metadata failed, shutting down decoder: file /builds/worker/workspace/build/src/dom/media/MediaDecoderStateMachine.cpp, line 350
[Child 5250, MediaPlayback #1] WARNING: Decoder=1363eb000 Decode error: NS_ERROR_DOM_MEDIA_METADATA_ERR (0x806e0006) - static MP4Metadata::ResultAndByteBuffer mozilla::MP4Metadata::Metadata(mozilla::ByteStream *): Cannot parse metadata: file /builds/worker/workspace/build/src/dom/media/MediaDecoderStateMachine.cpp, line 3331
[Child 5250, MediaPlayback #2] WARNING: Decoder=1363ecc00 Decode error: NS_ERROR_DOM_MEDIA_METADATA_ERR (0x806e0006) - static MP4Metadata::ResultAndByteBuffer mozilla::MP4Metadata::Metadata(mozilla::ByteStream *): Cannot parse metadata: file /builds/worker/workspace/build/src/dom/media/MediaDecoderStateMachine.cpp, line 3331
[Child 5250, MediaPlayback #4] WARNING: Decoder=1370be400 state=DECODING_METADATA Decode metadata failed, shutting down decoder: file /builds/worker/workspace/build/src/dom/media/MediaDecoderStateMachine.cpp, line 350
[Child 5250, MediaPlayback #2] WARNING: Decoder=13b4ad800 state=DECODING_METADATA Decode metadata failed, shutting down decoder: file /builds/worker/workspace/build/src/dom/media/MediaDecoderStateMachine.cpp, line 350
[Child 5250, MediaPlayback #3] WARNING: Decoder=1370b1c00 state=DECODING_METADATA Decode metadata failed, shutting down decoder: file /builds/worker/workspace/build/src/dom/media/MediaDecoderStateMachine.cpp, line 350
[Child 5250, MediaPlayback #4] WARNING: Decoder=1370be400 Decode error: NS_ERROR_DOM_MEDIA_METADATA_ERR (0x806e0006) - static MP4Metadata::ResultAndByteBuffer mozilla::MP4Metadata::Metadata(mozilla::ByteStream *): Cannot parse metadata: file /builds/worker/workspace/build/src/dom/media/MediaDecoderStateMachine.cpp, line 3331
[Child 5250, MediaPlayback #2] WARNING: Decoder=13b4ad800 Decode error: NS_ERROR_DOM_MEDIA_METADATA_ERR (0x806e0006) - static MP4Metadata::ResultAndByteBuffer mozilla::MP4Metadata::Metadata(mozilla::ByteStream *): Cannot parse metadata: file /builds/worker/workspace/build/src/dom/media/MediaDecoderStateMachine.cpp, line 3331
[Child 5250, MediaPlayback #4] WARNING: Decoder=13b367c00 state=DECODING_METADATA Decode metadata failed, shutting down decoder: file /builds/worker/workspace/build/src/dom/media/MediaDecoderStateMachine.cpp, line 350
[Child 5250, MediaPlayback #4] WARNING: Decoder=13b367c00 Decode error: NS_ERROR_DOM_MEDIA_METADATA_ERR (0x806e0006) - static MP4Metadata::ResultAndByteBuffer mozilla::MP4Metadata::Metadata(mozilla::ByteStream *): Cannot parse metadata: file /builds/worker/workspace/build/src/dom/media/MediaDecoderStateMachine.cpp, line 3331
[Child 5250, MediaPlayback #2] WARNING: Decoder=13b4adc00 state=DECODING_METADATA Decode metadata failed, shutting down decoder: file /builds/worker/workspace/build/src/dom/media/MediaDecoderStateMachine.cpp, line 350
[Child 5250, MediaPlayback #1] WARNING: Decoder=13b4ae000 state=DECODING_METADATA Decode metadata failed, shutting down decoder: file /builds/worker/workspace/build/src/dom/media/MediaDecoderStateMachine.cpp, line 350
[Child 5250, MediaPlayback #4] WARNING: Decoder=13b5e5c00 state=DECODING_METADATA Decode metadata failed, shutting down decoder: file /builds/worker/workspace/build/src/dom/media/MediaDecoderStateMachine.cpp, line 350
[Child 5250, MediaPlayback #2] WARNING: Decoder=13b4adc00 Decode error: NS_ERROR_DOM_MEDIA_METADATA_ERR (0x806e0006) - static MP4Metadata::ResultAndByteBuffer mozilla::MP4Metadata::Metadata(mozilla::ByteStream *): Cannot parse metadata: file /builds/worker/workspace/build/src/dom/media/MediaDecoderStateMachine.cpp, line 3331
[Child 5250, MediaPlayback #1] WARNING: Decoder=13b4ae000 Decode error: NS_ERROR_DOM_MEDIA_METADATA_ERR (0x806e0006) - static MP4Metadata::ResultAndByteBuffer mozilla::MP4Metadata::Metadata(mozilla::ByteStream *): Cannot parse metadata: file /builds/worker/workspace/build/src/dom/media/MediaDecoderStateMachine.cpp, line 3331
[Child 5250, MediaPlayback #2] WARNING: Decoder=13b4afc00 state=DECODING_METADATA Decode metadata failed, shutting down decoder: file /builds/worker/workspace/build/src/dom/media/MediaDecoderStateMachine.cpp, line 350
[Child 5250, MediaPlayback #3] WARNING: Decoder=1370b1c00 Decode error: NS_ERROR_DOM_MEDIA_METADATA_ERR (0x806e0006) - static MP4Metadata::ResultAndByteBuffer mozilla::MP4Metadata::Metadata(mozilla::ByteStream *): Cannot parse metadata: file /builds/worker/workspace/build/src/dom/media/MediaDecoderStateMachine.cpp, line 3331
[Child 5250, MediaPlayback #4] WARNING: Decoder=13b5e5c00 Decode error: NS_ERROR_DOM_MEDIA_METADATA_ERR (0x806e0006) - static MP4Metadata::ResultAndByteBuffer mozilla::MP4Metadata::Metadata(mozilla::ByteStream *): Cannot parse metadata: file /builds/worker/workspace/build/src/dom/media/MediaDecoderStateMachine.cpp, line 3331
[Child 5250, MediaPlayback #3] WARNING: Decoder=13b5e6400 state=DECODING_METADATA Decode metadata failed, shutting down decoder: file /builds/worker/workspace/build/src/dom/media/MediaDecoderStateMachine.cpp, line 350
[Child 5250, MediaPlayback #2] WARNING: Decoder=13b4afc00 Decode error: NS_ERROR_DOM_MEDIA_METADATA_ERR (0x806e0006) - static MP4Metadata::ResultAndByteBuffer mozilla::MP4Metadata::Metadata(mozilla::ByteStream *): Cannot parse metadata: file /builds/worker/workspace/build/src/dom/media/MediaDecoderStateMachine.cpp, line 3331
[Child 5250, MediaPlayback #4] WARNING: Decoder=13b5e8800 state=DECODING_METADATA Decode metadata failed, shutting down decoder: file /builds/worker/workspace/build/src/dom/media/MediaDecoderStateMachine.cpp, line 350
[Child 5250, MediaPlayback #3] WARNING: Decoder=13b5e6400 Decode error: NS_ERROR_DOM_MEDIA_METADATA_ERR (0x806e0006) - static MP4Metadata::ResultAndByteBuffer mozilla::MP4Metadata::Metadata(mozilla::ByteStream *): Cannot parse metadata: file /builds/worker/workspace/build/src/dom/media/MediaDecoderStateMachine.cpp, line 3331
[Child 5250, MediaPlayback #4] WARNING: Decoder=13b5e8800 Decode error: NS_ERROR_DOM_MEDIA_METADATA_ERR (0x806e0006) - static MP4Metadata::ResultAndByteBuffer mozilla::MP4Metadata::Metadata(mozilla::ByteStream *): Cannot parse metadata: file /builds/worker/workspace/build/src/dom/media/MediaDecoderStateMachine.cpp, line 3331
[Child 5250, MediaPlayback #4] WARNING: Decoder=1363ec400 state=DECODING_METADATA Decode metadata failed, shutting down decoder: file /builds/worker/workspace/build/src/dom/media/MediaDecoderStateMachine.cpp, line 350
[Child 5250, MediaPlayback #2] WARNING: Decoder=114d07400 state=DECODING_METADATA Decode metadata failed, shutting down decoder: file /builds/worker/workspace/build/src/dom/media/MediaDecoderStateMachine.cpp, line 350
[Child 5250, MediaPlayback #1] WARNING: Decoder=1363ed400 state=DECODING_METADATA Decode metadata failed, shutting down decoder: file /builds/worker/workspace/build/src/dom/media/MediaDecoderStateMachine.cpp, line 350
[Child 5250, MediaPlayback #4] WARNING: Decoder=1363ec400 Decode error: NS_ERROR_DOM_MEDIA_METADATA_ERR (0x806e0006) - static MP4Metadata::ResultAndByteBuffer mozilla::MP4Metadata::Metadata(mozilla::ByteStream *): Cannot parse metadata: file /builds/worker/workspace/build/src/dom/media/MediaDecoderStateMachine.cpp, line 3331
[Child 5250, MediaPlayback #1] WARNING: Decoder=1363ed400 Decode error: NS_ERROR_DOM_MEDIA_METADATA_ERR (0x806e0006) - static MP4Metadata::ResultAndByteBuffer mozilla::MP4Metadata::Metadata(mozilla::ByteStream *): Cannot parse metadata: file /builds/worker/workspace/build/src/dom/media/MediaDecoderStateMachine.cpp, line 3331
[Child 5250, MediaPlayback #3] WARNING: Decoder=16d425400 state=DECODING_METADATA Decode metadata failed, shutting down decoder: file /builds/worker/workspace/build/src/dom/media/MediaDecoderStateMachine.cpp, line 350
[Child 5250, MediaPlayback #2] WARNING: Decoder=114d07400 Decode error: NS_ERROR_DOM_MEDIA_METADATA_ERR (0x806e0006) - static MP4Metadata::ResultAndByteBuffer mozilla::MP4Metadata::Metadata(mozilla::ByteStream *): Cannot parse metadata: file /builds/worker/workspace/build/src/dom/media/MediaDecoderStateMachine.cpp, line 3331
[Child 5250, MediaPlayback #3] WARNING: Decoder=16d425400 Decode error: NS_ERROR_DOM_MEDIA_METADATA_ERR (0x806e0006) - static MP4Metadata::ResultAndByteBuffer mozilla::MP4Metadata::Metadata(mozilla::ByteStream *): Cannot parse metadata: file /builds/worker/workspace/build/src/dom/media/MediaDecoderStateMachine.cpp, line 3331
[Child 5250, MediaPlayback #1] WARNING: Decoder=16d426000 state=DECODING_METADATA Decode metadata failed, shutting down decoder: file /builds/worker/workspace/build/src/dom/media/MediaDecoderStateMachine.cpp, line 350
[Child 5250, MediaPlayback #1] WARNING: Decoder=16d426000 Decode error: NS_ERROR_DOM_MEDIA_METADATA_ERR (0x806e0006) - static MP4Metadata::ResultAndByteBuffer mozilla::MP4Metadata::Metadata(mozilla::ByteStream *): Cannot parse metadata: file /builds/worker/workspace/build/src/dom/media/MediaDecoderStateMachine.cpp, line 3331
[Child 5250, MediaPlayback #4] WARNING: Decoder=16d42e000 state=DECODING_METADATA Decode metadata failed, shutting down decoder: file /builds/worker/workspace/build/src/dom/media/MediaDecoderStateMachine.cpp, line 350
[Child 5250, MediaPlayback #4] WARNING: Decoder=16d42e000 Decode error: NS_ERROR_DOM_MEDIA_METADATA_ERR (0x806e0006) - static MP4Metadata::ResultAndByteBuffer mozilla::MP4Metadata::Metadata(mozilla::ByteStream *): Cannot parse metadata: file /builds/worker/workspace/build/src/dom/media/MediaDecoderStateMachine.cpp, line 3331
[Child 5250, MediaPlayback #4] WARNING: Decoder=16d42e400 state=DECODING_METADATA Decode metadata failed, shutting down decoder: file /builds/worker/workspace/build/src/dom/media/MediaDecoderStateMachine.cpp, line 350
[Child 5250, MediaPlayback #1] WARNING: Decoder=16d467800 state=DECODING_METADATA Decode metadata failed, shutting down decoder: file /builds/worker/workspace/build/src/dom/media/MediaDecoderStateMachine.cpp, line 350
[Child 5250, MediaPlayback #2] WARNING: Decoder=16d425800 state=DECODING_METADATA Decode metadata failed, shutting down decoder: file /builds/worker/workspace/build/src/dom/media/MediaDecoderStateMachine.cpp, line 350
[Child 5250, MediaPlayback #4] WARNING: Decoder=16d42e400 Decode error: NS_ERROR_DOM_MEDIA_METADATA_ERR (0x806e0006) - static MP4Metadata::ResultAndByteBuffer mozilla::MP4Metadata::Metadata(mozilla::ByteStream *): Cannot parse metadata: file /builds/worker/workspace/build/src/dom/media/MediaDecoderStateMachine.cpp, line 3331
[Child 5250, MediaPlayback #1] WARNING: Decoder=16d467800 Decode error: NS_ERROR_DOM_MEDIA_METADATA_ERR (0x806e0006) - static MP4Metadata::ResultAndByteBuffer mozilla::MP4Metadata::Metadata(mozilla::ByteStream *): Cannot parse metadata: file /builds/worker/workspace/build/src/dom/media/MediaDecoderStateMachine.cpp, line 3331
[Child 5250, MediaPlayback #2] WARNING: Decoder=16d425800 Decode error: NS_ERROR_DOM_MEDIA_METADATA_ERR (0x806e0006) - static MP4Metadata::ResultAndByteBuffer mozilla::MP4Metadata::Metadata(mozilla::ByteStream *): Cannot parse metadata: file /builds/worker/workspace/build/src/dom/media/MediaDecoderStateMachine.cpp, line 3331
[Child 5250, MediaPlayback #3] WARNING: Decoder=16d46b400 state=DECODING_METADATA Decode metadata failed, shutting down decoder: file /builds/worker/workspace/build/src/dom/media/MediaDecoderStateMachine.cpp, line 350
[Child 5250, MediaPlayback #2] WARNING: Decoder=16d4a5000 state=DECODING_METADATA Decode metadata failed, shutting down decoder: file /builds/worker/workspace/build/src/dom/media/MediaDecoderStateMachine.cpp, line 350
[Child 5250, MediaPlayback #4] WARNING: Decoder=16d4a7000 state=DECODING_METADATA Decode metadata failed, shutting down decoder: file /builds/worker/workspace/build/src/dom/media/MediaDecoderStateMachine.cpp, line 350
[Child 5250, MediaPlayback #1] WARNING: Decoder=16d4a9400 state=DECODING_METADATA Decode metadata failed, shutting down decoder: file /builds/worker/workspace/build/src/dom/media/MediaDecoderStateMachine.cpp, line 350
[Child 5250, MediaPlayback #3] WARNING: Decoder=16d46b400 Decode error: NS_ERROR_DOM_MEDIA_METADATA_ERR (0x806e0006) - static MP4Metadata::ResultAndByteBuffer mozilla::MP4Metadata::Metadata(mozilla::ByteStream *): Cannot parse metadata: file /builds/worker/workspace/build/src/dom/media/MediaDecoderStateMachine.cpp, line 3331
[Child 5250, MediaPlayback #4] WARNING: Decoder=16d4a7000 Decode error: NS_ERROR_DOM_MEDIA_METADATA_ERR (0x806e0006) - static MP4Metadata::ResultAndByteBuffer mozilla::MP4Metadata::Metadata(mozilla::ByteStream *): Cannot parse metadata: file /builds/worker/workspace/build/src/dom/media/MediaDecoderStateMachine.cpp, line 3331
[Child 5250, MediaPlayback #1] WARNING: Decoder=16d4a9400 Decode error: NS_ERROR_DOM_MEDIA_METADATA_ERR (0x806e0006) - static MP4Metadata::ResultAndByteBuffer mozilla::MP4Metadata::Metadata(mozilla::ByteStream *): Cannot parse metadata: file /builds/worker/workspace/build/src/dom/media/MediaDecoderStateMachine.cpp, line 3331
[Child 5250, MediaPlayback #4] WARNING: Decoder=16d4abc00 state=DECODING_METADATA Decode metadata failed, shutting down decoder: file /builds/worker/workspace/build/src/dom/media/MediaDecoderStateMachine.cpp, line 350
[Child 5250, MediaPlayback #2] WARNING: Decoder=16d4a5000 Decode error: NS_ERROR_DOM_MEDIA_METADATA_ERR (0x806e0006) - static MP4Metadata::ResultAndByteBuffer mozilla::MP4Metadata::Metadata(mozilla::ByteStream *): Cannot parse metadata: file /builds/worker/workspace/build/src/dom/media/MediaDecoderStateMachine.cpp, line 3331
[Child 5250, MediaPlayback #3] WARNING: Decoder=16d4a9000 state=DECODING_METADATA Decode metadata failed, shutting down decoder: file /builds/worker/workspace/build/src/dom/media/MediaDecoderStateMachine.cpp, line 350
[Child 5250, MediaPlayback #4] WARNING: Decoder=16d4abc00 Decode error: NS_ERROR_DOM_MEDIA_METADATA_ERR (0x806e0006) - static MP4Metadata::ResultAndByteBuffer mozilla::MP4Metadata::Metadata(mozilla::ByteStream *): Cannot parse metadata: file /builds/worker/workspace/build/src/dom/media/MediaDecoderStateMachine.cpp, line 3331
[Child 5250, MediaPlayback #2] WARNING: Decoder=16d4a9800 state=DECODING_METADATA Decode metadata failed, shutting down decoder: file /builds/worker/workspace/build/src/dom/media/MediaDecoderStateMachine.cpp, line 350
[Child 5250, MediaPlayback #4] WARNING: Decoder=170216800 state=DECODING_METADATA Decode metadata failed, shutting down decoder: file /builds/worker/workspace/build/src/dom/media/MediaDecoderStateMachine.cpp, line 350
[Child 5250, MediaPlayback #3] WARNING: Decoder=16d4a9000 Decode error: NS_ERROR_DOM_MEDIA_METADATA_ERR (0x806e0006) - static MP4Metadata::ResultAndByteBuffer mozilla::MP4Metadata::Metadata(mozilla::ByteStream *): Cannot parse metadata: file /builds/worker/workspace/build/src/dom/media/MediaDecoderStateMachine.cpp, line 3331
[Child 5250, MediaPlayback #2] WARNING: Decoder=16d4a9800 Decode error: NS_ERROR_DOM_MEDIA_METADATA_ERR (0x806e0006) - static MP4Metadata::ResultAndByteBuffer mozilla::MP4Metadata::Metadata(mozilla::ByteStream *): Cannot parse metadata: file /builds/worker/workspace/build/src/dom/media/MediaDecoderStateMachine.cpp, line 3331
[Child 5250, MediaPlayback #3] WARNING: Decoder=17021a800 state=DECODING_METADATA Decode metadata failed, shutting down decoder: file /builds/worker/workspace/build/src/dom/media/MediaDecoderStateMachine.cpp, line 350
[Child 5250, MediaPlayback #4] WARNING: Decoder=170216800 Decode error: NS_ERROR_DOM_MEDIA_METADATA_ERR (0x806e0006) - static MP4Metadata::ResultAndByteBuffer mozilla::MP4Metadata::Metadata(mozilla::ByteStream *): Cannot parse metadata: file /builds/worker/workspace/build/src/dom/media/MediaDecoderStateMachine.cpp, line 3331
[Child 5250, MediaPlayback #3] WARNING: Decoder=17021a800 Decode error: NS_ERROR_DOM_MEDIA_METADATA_ERR (0x806e0006) - static MP4Metadata::ResultAndByteBuffer mozilla::MP4Metadata::Metadata(mozilla::ByteStream *): Cannot parse metadata: file /builds/worker/workspace/build/src/dom/media/MediaDecoderStateMachine.cpp, line 3331
[Child 5250, MediaPlayback #4] WARNING: Decoder=170219c00 state=DECODING_METADATA Decode metadata failed, shutting down decoder: file /builds/worker/workspace/build/src/dom/media/MediaDecoderStateMachine.cpp, line 350
[Child 5250, MediaPlayback #2] WARNING: Decoder=17021ac00 state=DECODING_METADATA Decode metadata failed, shutting down decoder: file /builds/worker/workspace/build/src/dom/media/MediaDecoderStateMachine.cpp, line 350
[Child 5250, MediaPlayback #3] WARNING: Decoder=17021b800 state=DECODING_METADATA Decode metadata failed, shutting down decoder: file /builds/worker/workspace/build/src/dom/media/MediaDecoderStateMachine.cpp, line 350
[Child 5250, MediaPlayback #4] WARNING: Decoder=170219c00 Decode error: NS_ERROR_DOM_MEDIA_METADATA_ERR (0x806e0006) - static MP4Metadata::ResultAndByteBuffer mozilla::MP4Metadata::Metadata(mozilla::ByteStream *): Cannot parse metadata: file /builds/worker/workspace/build/src/dom/media/MediaDecoderStateMachine.cpp, line 3331
[Child 5250, MediaPlayback #2] WARNING: Decoder=17021ac00 Decode error: NS_ERROR_DOM_MEDIA_METADATA_ERR (0x806e0006) - static MP4Metadata::ResultAndByteBuffer mozilla::MP4Metadata::Metadata(mozilla::ByteStream *): Cannot parse metadata: file /builds/worker/workspace/build/src/dom/media/MediaDecoderStateMachine.cpp, line 3331
[Child 5250, MediaPlayback #4] WARNING: Decoder=17021c800 state=DECODING_METADATA Decode metadata failed, shutting down decoder: file /builds/worker/workspace/build/src/dom/media/MediaDecoderStateMachine.cpp, line 350
[Child 5250, MediaPlayback #1] WARNING: Decoder=170216c00 state=DECODING_METADATA Decode metadata failed, shutting down decoder: file /builds/worker/workspace/build/src/dom/media/MediaDecoderStateMachine.cpp, line 350
[Child 5250, MediaPlayback #2] WARNING: Decoder=17021d000 state=DECODING_METADATA Decode metadata failed, shutting down decoder: file /builds/worker/workspace/build/src/dom/media/MediaDecoderStateMachine.cpp, line 350
[Child 5250, MediaPlayback #2] WARNING: Decoder=17021d000 Decode error: NS_ERROR_DOM_MEDIA_METADATA_ERR (0x806e0006) - static MP4Metadata::ResultAndByteBuffer mozilla::MP4Metadata::Metadata(mozilla::ByteStream *): Cannot parse metadata: file /builds/worker/workspace/build/src/dom/media/MediaDecoderStateMachine.cpp, line 3331
[Child 5250, MediaPlayback #1] WARNING: Decoder=170216c00 Decode error: NS_ERROR_DOM_MEDIA_METADATA_ERR (0x806e0006) - static MP4Metadata::ResultAndByteBuffer mozilla::MP4Metadata::Metadata(mozilla::ByteStream *): Cannot parse metadata: file /builds/worker/workspace/build/src/dom/media/MediaDecoderStateMachine.cpp, line 3331
[Child 5250, MediaPlayback #3] WARNING: Decoder=17021b800 Decode error: NS_ERROR_DOM_MEDIA_METADATA_ERR (0x806e0006) - static MP4Metadata::ResultAndByteBuffer mozilla::MP4Metadata::Metadata(mozilla::ByteStream *): Cannot parse metadata: file /builds/worker/workspace/build/src/dom/media/MediaDecoderStateMachine.cpp, line 3331
[Child 5250, MediaPlayback #1] WARNING: Decoder=17021d400 state=DECODING_METADATA Decode metadata failed, shutting down decoder: file /builds/worker/workspace/build/src/dom/media/MediaDecoderStateMachine.cpp, line 350
[Child 5250, MediaPlayback #2] WARNING: Decoder=17021d800 state=DECODING_METADATA Decode metadata failed, shutting down decoder: file /builds/worker/workspace/build/src/dom/media/MediaDecoderStateMachine.cpp, line 350
[Child 5250, MediaPlayback #4] WARNING: Decoder=17021c800 Decode error: NS_ERROR_DOM_MEDIA_METADATA_ERR (0x806e0006) - static MP4Metadata::ResultAndByteBuffer mozilla::MP4Metadata::Metadata(mozilla::ByteStream *): Cannot parse metadata: file /builds/worker/workspace/build/src/dom/media/MediaDecoderStateMachine.cpp, line 3331
[Child 5250, MediaPlayback #1] WARNING: Decoder=17021d400 Decode error: NS_ERROR_DOM_MEDIA_METADATA_ERR (0x806e0006) - static MP4Metadata::ResultAndByteBuffer mozilla::MP4Metadata::Metadata(mozilla::ByteStream *): Cannot parse metadata: file /builds/worker/workspace/build/src/dom/media/MediaDecoderStateMachine.cpp, line 3331
[Child 5250, MediaPlayback #4] WARNING: Decoder=17021ec00 state=DECODING_METADATA Decode metadata failed, shutting down decoder: file /builds/worker/workspace/build/src/dom/media/MediaDecoderStateMachine.cpp, line 350
[Child 5250, MediaPlayback #2] WARNING: Decoder=17021d800 Decode error: NS_ERROR_DOM_MEDIA_METADATA_ERR (0x806e0006) - static MP4Metadata::ResultAndByteBuffer mozilla::MP4Metadata::Metadata(mozilla::ByteStream *): Cannot parse metadata: file /builds/worker/workspace/build/src/dom/media/MediaDecoderStateMachine.cpp, line 3331
[Child 5250, MediaPlayback #4] WARNING: Decoder=17021ec00 Decode error: NS_ERROR_DOM_MEDIA_METADATA_ERR (0x806e0006) - static MP4Metadata::ResultAndByteBuffer mozilla::MP4Metadata::Metadata(mozilla::ByteStream *): Cannot parse metadata: file /builds/worker/workspace/build/src/dom/media/MediaDecoderStateMachine.cpp, line 3331
[Child 5250, MediaPlayback #3] WARNING: Decoder=170221800 state=DECODING_METADATA Decode metadata failed, shutting down decoder: file /builds/worker/workspace/build/src/dom/media/MediaDecoderStateMachine.cpp, line 350
[Child 5250, MediaPlayback #2] WARNING: Decoder=170221c00 state=DECODING_METADATA Decode metadata failed, shutting down decoder: file /builds/worker/workspace/build/src/dom/media/MediaDecoderStateMachine.cpp, line 350
[Child 5250, MediaPlayback #3] WARNING: Decoder=170221800 Decode error: NS_ERROR_DOM_MEDIA_METADATA_ERR (0x806e0006) - static MP4Metadata::ResultAndByteBuffer mozilla::MP4Metadata::Metadata(mozilla::ByteStream *): Cannot parse metadata: file /builds/worker/workspace/build/src/dom/media/MediaDecoderStateMachine.cpp, line 3331
[Child 5250, MediaPlayback #2] WARNING: Decoder=170221c00 Decode error: NS_ERROR_DOM_MEDIA_METADATA_ERR (0x806e0006) - static MP4Metadata::ResultAndByteBuffer mozilla::MP4Metadata::Metadata(mozilla::ByteStream *): Cannot parse metadata: file /builds/worker/workspace/build/src/dom/media/MediaDecoderStateMachine.cpp, line 3331
[Child 5250, MediaPlayback #1] WARNING: Decoder=170225400 state=DECODING_METADATA Decode metadata failed, shutting down decoder: file /builds/worker/workspace/build/src/dom/media/MediaDecoderStateMachine.cpp, line 350
[Child 5250, MediaPlayback #1] WARNING: Decoder=170225400 Decode error: NS_ERROR_DOM_MEDIA_METADATA_ERR (0x806e0006) - static MP4Metadata::ResultAndByteBuffer mozilla::MP4Metadata::Metadata(mozilla::ByteStream *): Cannot parse metadata: file /builds/worker/workspace/build/src/dom/media/MediaDecoderStateMachine.cpp, line 3331
[Child 5250, MediaPlayback #2] WARNING: Decoder=170f7e400 state=DECODING_METADATA Decode metadata failed, shutting down decoder: file /builds/worker/workspace/build/src/dom/media/MediaDecoderStateMachine.cpp, line 350
[Child 5250, MediaPlayback #2] WARNING: Decoder=170f7e400 Decode error: NS_ERROR_DOM_MEDIA_METADATA_ERR (0x806e0006) - static MP4Metadata::ResultAndByteBuffer mozilla::MP4Metadata::Metadata(mozilla::ByteStream *): Cannot parse metadata: file /builds/worker/workspace/build/src/dom/media/MediaDecoderStateMachine.cpp, line 3331
console.error: BroadcastService: 
  receivedBroadcastMessage: handler for
  remote-settings/monitor_changes
  threw error:
  Message: Error: Polling for changes failed: NetworkError when attempting to fetch resource..
  Stack:
    remoteSettingsFunction/remoteSettings.pollChanges@resource://services-settings/remote-settings.js:190:13

console.error: BroadcastService: 
  receivedBroadcastMessage: handler for
  remote-settings/monitor_changes
  threw error:
  Message: Error: Polling for changes failed: NetworkError when attempting to fetch resource..
  Stack:
    remoteSettingsFunction/remoteSettings.pollChanges@resource://services-settings/remote-settings.js:190:13

JavaScript error: , line 0: AbortError: The operation was aborted. 
JavaScript error: , line 0: AbortError: The operation was aborted. 

###!!! [Child][MessageChannel] Error: (msgtype=0x5F0029,name=PNecko::Msg_RemoveRequestContext) Channel closing: too late to send/recv, messages will be lost


###!!! [Child][RunMessage] Error: Channel closing: too late to send/recv, messages will be lost


###!!! [Child][RunMessage] Error: Channel closing: too late to send/recv, messages will be lost


###!!! [Child][RunMessage] Error: Channel closing: too late to send/recv, messages will be lost

1554148866364	Marionette	INFO	Stopped listening on port 62894
